nohup: ignoring input
рҹҡҖ [мӢӨмӢңк°„ лҸҷкё°нҷ” мӢңмһ‘] ./ нҸҙлҚ”мқҳ ліҖкІҪмӮ¬н•ӯмқ„ к°җмӢңн•©лӢҲлӢӨ...
Setting up watches.  Beware: since -r was given, this may take a while!
Watches established.
вңЁ ліҖкІҪ к°җм§Җ: test_code3_v1.py (MODIFY) [2026-04-15 07:47:54] - GitHubлЎң н‘ёмӢң мӨ‘...
[main a325897] Auto-sync: test_code3_v1.py MODIFY at 2026-04-15 07:47:54
 3 files changed, 8 insertions(+), 119 deletions(-)
To https://github.com/JYPark0104/EC2_Github_connection_test.git
   513f284..a325897  main -> main
вң… н‘ёмӢң мҷ„лЈҢ! (мҷ„лЈҢ мқјмӢң: 2026-04-15 07:47:56)
--------------------------------------------------
вңЁ ліҖкІҪ к°җм§Җ: test_code3_v1.py (MODIFY) [2026-04-15 07:47:56] - GitHubлЎң н‘ёмӢң мӨ‘...
[main 77e31af] Auto-sync: test_code3_v1.py MODIFY at 2026-04-15 07:47:56
 1 file changed, 7 insertions(+)
To https://github.com/JYPark0104/EC2_Github_connection_test.git
   a325897..77e31af  main -> main
вң… н‘ёмӢң мҷ„лЈҢ! (мҷ„лЈҢ мқјмӢң: 2026-04-15 07:47:57)
--------------------------------------------------
вңЁ ліҖкІҪ к°җм§Җ: test_code3_v1.py (MODIFY) [2026-04-15 07:48:10] - GitHubлЎң н‘ёмӢң мӨ‘...
[main 4f17f59] Auto-sync: test_code3_v1.py MODIFY at 2026-04-15 07:48:10
 2 files changed, 9 insertions(+), 1 deletion(-)
To https://github.com/JYPark0104/EC2_Github_connection_test.git
   77e31af..4f17f59  main -> main
вң… н‘ёмӢң мҷ„лЈҢ! (мҷ„лЈҢ мқјмӢң: 2026-04-15 07:48:11)
--------------------------------------------------
вңЁ ліҖкІҪ к°җм§Җ: test_code3_v1.py (MODIFY) [2026-04-15 07:48:11] - GitHubлЎң н‘ёмӢң мӨ‘...
[main e064983] Auto-sync: test_code3_v1.py MODIFY at 2026-04-15 07:48:11
 1 file changed, 7 insertions(+)
To https://github.com/JYPark0104/EC2_Github_connection_test.git
   4f17f59..e064983  main -> main
вң… н‘ёмӢң мҷ„лЈҢ! (мҷ„лЈҢ мқјмӢң: 2026-04-15 07:48:12)
--------------------------------------------------
вңЁ ліҖкІҪ к°җм§Җ: test_code2_v2.py (MODIFY) [2026-04-15 07:48:29] - GitHubлЎң н‘ёмӢң мӨ‘...
[main 218e8e5] Auto-sync: test_code2_v2.py MODIFY at 2026-04-15 07:48:29
 2 files changed, 9 insertions(+), 1 deletion(-)
To https://github.com/JYPark0104/EC2_Github_connection_test.git
   e064983..218e8e5  main -> main
вң… н‘ёмӢң мҷ„лЈҢ! (мҷ„лЈҢ мқјмӢң: 2026-04-15 07:48:30)
--------------------------------------------------
вңЁ ліҖкІҪ к°җм§Җ: test_code2_v2.py (MODIFY) [2026-04-15 07:48:30] - GitHubлЎң н‘ёмӢң мӨ‘...
[main 1db1012] Auto-sync: test_code2_v2.py MODIFY at 2026-04-15 07:48:30
 1 file changed, 7 insertions(+)
To https://github.com/JYPark0104/EC2_Github_connection_test.git
   218e8e5..1db1012  main -> main
вң… н‘ёмӢң мҷ„лЈҢ! (мҷ„лЈҢ мқјмӢң: 2026-04-15 07:48:31)
--------------------------------------------------
вңЁ ліҖкІҪ к°җм§Җ: test_code2_v2.py (MODIFY) [2026-04-15 07:49:35] - GitHubлЎң н‘ёмӢң мӨ‘...
[main b72256d] Auto-sync: test_code2_v2.py MODIFY at 2026-04-15 07:49:35
 2 files changed, 9 insertions(+), 1 deletion(-)
To https://github.com/JYPark0104/EC2_Github_connection_test.git
   1db1012..b72256d  main -> main
вң… н‘ёмӢң мҷ„лЈҢ! (мҷ„лЈҢ мқјмӢң: 2026-04-15 07:49:36)
--------------------------------------------------
вңЁ ліҖкІҪ к°җм§Җ: test_code2_v2.py (MODIFY) [2026-04-15 07:49:36] - GitHubлЎң н‘ёмӢң мӨ‘...
[main 1a4e0f5] Auto-sync: test_code2_v2.py MODIFY at 2026-04-15 07:49:36
 1 file changed, 7 insertions(+)
To https://github.com/JYPark0104/EC2_Github_connection_test.git
   b72256d..1a4e0f5  main -> main
вң… н‘ёмӢң мҷ„лЈҢ! (мҷ„лЈҢ мқјмӢң: 2026-04-15 07:49:37)
--------------------------------------------------
вңЁ ліҖкІҪ к°җм§Җ: test_code1_v2.py (MOVED_FROM) [2026-04-15 07:57:50] - GitHubлЎң н‘ёмӢң мӨ‘...
[main cf394dc] Auto-sync: test_code1_v2.py MOVED_FROM at 2026-04-15 07:57:50
 2 files changed, 7 insertions(+)
 rename test_code1_v2.py => engine_code1_adding.py (100%)
To https://github.com/JYPark0104/EC2_Github_connection_test.git
   1a4e0f5..cf394dc  main -> main
вң… н‘ёмӢң мҷ„лЈҢ! (мҷ„лЈҢ мқјмӢң: 2026-04-15 07:57:51)
--------------------------------------------------
вңЁ ліҖкІҪ к°җм§Җ: engine_code1_adding.py (MOVED_TO) [2026-04-15 07:57:51] - GitHubлЎң н‘ёмӢң мӨ‘...
[main 8eaa52f] Auto-sync: engine_code1_adding.py MOVED_TO at 2026-04-15 07:57:51
 1 file changed, 8 insertions(+)
To https://github.com/JYPark0104/EC2_Github_connection_test.git
   cf394dc..8eaa52f  main -> main
вң… н‘ёмӢң мҷ„лЈҢ! (мҷ„лЈҢ мқјмӢң: 2026-04-15 07:57:52)
--------------------------------------------------
вңЁ ліҖкІҪ к°җм§Җ: engine_code1_adding.py (MODIFY) [2026-04-15 07:57:52] - GitHubлЎң н‘ёмӢң мӨ‘...
